0 info it worked if it ends with ok
1 verbose cli [ '/usr/local/bin/node', '/usr/local/bin/npm', 'run', 'dev' ]
2 info using npm@3.10.9
3 info using node@v6.4.0
4 verbose run-script [ 'predev', 'dev', 'postdev' ]
5 info lifecycle mia3-typo3@1.0.0~predev: mia3-typo3@1.0.0
6 silly lifecycle mia3-typo3@1.0.0~predev: no script for predev, continuing
7 info lifecycle mia3-typo3@1.0.0~dev: mia3-typo3@1.0.0
8 verbose lifecycle mia3-typo3@1.0.0~dev: unsafe-perm in lifecycle true
9 verbose lifecycle mia3-typo3@1.0.0~dev: PATH: /usr/local/lib/node_modules/npm/bin/node-gyp-bin:/Volumes/Sites/typo3.lts7/typo3conf/ext/builder/Resources/Public/node_modules/.bin:/Applications/MAMP/bin/php/php5.6.28/bin/:/Users/mneuhaus/anaconda/bin:/usr/local/heroku/bin:/Users/mneuhaus/.rbenv/bin:/usr/local/bin:/usr/local/go/bin:/Applications/MAMP/bin/php/php7.1.0/bin/:/Library/Frameworks/Python.framework/Versions/2.7/bin:/opt/local/bin:/opt/local/sbin:/Library/Frameworks/Python.framework/Versions/2.7/bin:/usr/bin:/bin:/usr/sbin:/sbin:/usr/local/bin:/usr/X11/bin:/usr/local/git/bin:/Applications/android-sdk/tools:/usr/local/mysql/bin:/Users/mneuhaus/bin:/Users/mneuhaus/.composer/vendor/bin/:/Users/mneuhaus/Workspace/Beard/bin:/Applications/MAMP/Library/bin/:/Users/mneuhaus/Workspace/Typo3TerUpload/Modules/Typo3ExtensionUtils/bin:/Library/Frameworks/Python.framework/Versions/3.4/bin:/usr/texbin:/Users/mneuhaus/.gopath/bin:/Applications/AudioBookBinder.app/Contents/MacOS
10 verbose lifecycle mia3-typo3@1.0.0~dev: CWD: /Volumes/Sites/typo3.lts7/typo3conf/ext/builder/Resources/Public
11 silly lifecycle mia3-typo3@1.0.0~dev: Args: [ '-c', 'cross-env NODE_ENV=development webpack --watch' ]
12 silly lifecycle mia3-typo3@1.0.0~dev: Returned: code: 2  signal: null
13 info lifecycle mia3-typo3@1.0.0~dev: Failed to exec dev script
14 verbose stack Error: mia3-typo3@1.0.0 dev: `cross-env NODE_ENV=development webpack --watch`
14 verbose stack Exit status 2
14 verbose stack     at EventEmitter.<anonymous> (/usr/local/lib/node_modules/npm/lib/utils/lifecycle.js:255:16)
14 verbose stack     at emitTwo (events.js:106:13)
14 verbose stack     at EventEmitter.emit (events.js:191:7)
14 verbose stack     at ChildProcess.<anonymous> (/usr/local/lib/node_modules/npm/lib/utils/spawn.js:40:14)
14 verbose stack     at emitTwo (events.js:106:13)
14 verbose stack     at ChildProcess.emit (events.js:191:7)
14 verbose stack     at maybeClose (internal/child_process.js:852:16)
14 verbose stack     at Process.ChildProcess._handle.onexit (internal/child_process.js:215:5)
15 verbose pkgid mia3-typo3@1.0.0
16 verbose cwd /Volumes/Sites/typo3.lts7/typo3conf/ext/builder/Resources/Public
17 error Darwin 15.6.0
18 error argv "/usr/local/bin/node" "/usr/local/bin/npm" "run" "dev"
19 error node v6.4.0
20 error npm  v3.10.9
21 error code ELIFECYCLE
22 error mia3-typo3@1.0.0 dev: `cross-env NODE_ENV=development webpack --watch`
22 error Exit status 2
23 error Failed at the mia3-typo3@1.0.0 dev script 'cross-env NODE_ENV=development webpack --watch'.
23 error Make sure you have the latest version of node.js and npm installed.
23 error If you do, this is most likely a problem with the mia3-typo3 package,
23 error not with npm itself.
23 error Tell the author that this fails on your system:
23 error     cross-env NODE_ENV=development webpack --watch
23 error You can get information on how to open an issue for this project with:
23 error     npm bugs mia3-typo3
23 error Or if that isn't available, you can get their info via:
23 error     npm owner ls mia3-typo3
23 error There is likely additional logging output above.
24 verbose exit [ 1, true ]
